<?xml version="1.0" encoding="UTF-8"?>
<!-- Generated by org.testng.reporters.JUnitXMLReporter -->
<testsuite ignored="0" hostname="DESKTOP-0L2DKAB" failures="0" tests="0" name="Default test" time="0.653" errors="0" timestamp="2025-07-14T01:38:15 IST">
  <testcase classname="io.cucumber.testng.AbstractTestNGCucumberTests" name="@BeforeClass setUpClass" time="0.586">
    <failure type="io.cucumber.core.gherkin.FeatureParserException" message="Failed to parse resource at: file:///C:/Users/fanof/eclipse-workspace/SeleniumFrameworkDesign/src/test/java/cucumber/SubmitOrder.feature
(7:1): expected: #TagLine, #RuleLine, #Comment, #Empty, got &amp;apos;Given I landed on Ecommerce Page&amp;apos;
(10:3): expected: #TagLine, #RuleLine, #Comment, #Empty, got &amp;apos;Scenario Outline: Positive Test of Submitting the order&amp;apos;
(11:5): expected: #TagLine, #RuleLine, #Comment, #Empty, got &amp;apos;Given Logged in with &amp;lt;username&amp;gt; and &amp;lt;password&amp;gt;&amp;apos;
(12:5): expected: #TagLine, #RuleLine, #Comment, #Empty, got &amp;apos;When I add &amp;lt;productName&amp;gt; from Cart&amp;apos;
(13:5): expected: #TagLine, #RuleLine, #Comment, #Empty, got &amp;apos;AND Checkout &amp;lt;productName&amp;gt; and submit the order&amp;apos;
(14:5): expected: #TagLine, #RuleLine, #Comment, #Empty, got &amp;apos;Then I verify the &amp;lt;orderID&amp;gt; on Confirmation Page&amp;apos;
(16:5): expected: #TagLine, #RuleLine, #Comment, #Empty, got &amp;apos;Examples:&amp;apos;
(17:7): expected: #TagLine, #RuleLine, #Comment, #Empty, got &amp;apos;| name                 |     password  | productName   |&amp;apos;
(18:7): expected: #TagLine, #RuleLine, #Comment, #Empty, got &amp;apos;| abcd1t1t1t@gmail.com |     Jiracode3 | ZARA COAT 3   |&amp;apos;
(21:0): unexpected end of file, expected: #TagLine, #RuleLine, #Comment, #Empty">
      <![CDATA[io.cucumber.core.gherkin.FeatureParserException: Failed to parse resource at: file:///C:/Users/fanof/eclipse-workspace/SeleniumFrameworkDesign/src/test/java/cucumber/SubmitOrder.feature
(7:1): expected: #TagLine, #RuleLine, #Comment, #Empty, got 'Given I landed on Ecommerce Page'
(10:3): expected: #TagLine, #RuleLine, #Comment, #Empty, got 'Scenario Outline: Positive Test of Submitting the order'
(11:5): expected: #TagLine, #RuleLine, #Comment, #Empty, got 'Given Logged in with <username> and <password>'
(12:5): expected: #TagLine, #RuleLine, #Comment, #Empty, got 'When I add <productName> from Cart'
(13:5): expected: #TagLine, #RuleLine, #Comment, #Empty, got 'AND Checkout <productName> and submit the order'
(14:5): expected: #TagLine, #RuleLine, #Comment, #Empty, got 'Then I verify the <orderID> on Confirmation Page'
(16:5): expected: #TagLine, #RuleLine, #Comment, #Empty, got 'Examples:'
(17:7): expected: #TagLine, #RuleLine, #Comment, #Empty, got '| name                 |     password  | productName   |'
(18:7): expected: #TagLine, #RuleLine, #Comment, #Empty, got '| abcd1t1t1t@gmail.com |     Jiracode3 | ZARA COAT 3   |'
(21:0): unexpected end of file, expected: #TagLine, #RuleLine, #Comment, #Empty
at io.cucumber.core.gherkin.messages.GherkinMessagesFeatureParser.parse(GherkinMessagesFeatureParser.java:56)
at io.cucumber.core.feature.FeatureParser.parseResource(FeatureParser.java:46)
at java.base/java.util.function.BiFunction.lambda$andThen$0(BiFunction.java:70)
at io.cucumber.core.resource.ResourceScanner.lambda$processResource$1(ResourceScanner.java:79)
at io.cucumber.core.resource.PathScanner$ResourceFileVisitor.visitFile(PathScanner.java:82)
at io.cucumber.core.resource.PathScanner$ResourceFileVisitor.visitFile(PathScanner.java:67)
at java.base/java.nio.file.Files.walkFileTree(Files.java:2799)
at io.cucumber.core.resource.PathScanner.findResourcesForPath(PathScanner.java:61)
at io.cucumber.core.resource.PathScanner.findResourcesForPath(PathScanner.java:54)
at io.cucumber.core.resource.PathScanner.findResourcesForUri(PathScanner.java:34)
at io.cucumber.core.resource.ResourceScanner.findResourcesForUri(ResourceScanner.java:61)
at io.cucumber.core.resource.ResourceScanner.scanForResourcesUri(ResourceScanner.java:134)
at io.cucumber.core.runtime.FeaturePathFeatureSupplier.loadFeatures(FeaturePathFeatureSupplier.java:62)
at io.cucumber.core.runtime.FeaturePathFeatureSupplier.get(FeaturePathFeatureSupplier.java:45)
at io.cucumber.testng.TestNGCucumberRunner.<init>(TestNGCucumberRunner.java:125)
at io.cucumber.testng.AbstractTestNGCucumberTests.setUpClass(AbstractTestNGCucumberTests.java:27)
at java.base/jdk.internal.reflect.DirectMethodHandleAccessor.invoke(DirectMethodHandleAccessor.java:103)
at java.base/java.lang.reflect.Method.invoke(Method.java:580)
at org.testng.internal.invokers.MethodInvocationHelper.invokeMethod(MethodInvocationHelper.java:141)
at org.testng.internal.invokers.MethodInvocationHelper.invokeMethodConsideringTimeout(MethodInvocationHelper.java:71)
at org.testng.internal.invokers.ConfigInvoker.invokeConfigurationMethod(ConfigInvoker.java:400)
at org.testng.internal.invokers.ConfigInvoker.invokeConfigurations(ConfigInvoker.java:333)
at org.testng.internal.invokers.TestMethodWorker.invokeBeforeClassMethods(TestMethodWorker.java:188)
at org.testng.internal.invokers.TestMethodWorker.run(TestMethodWorker.java:128)
at java.base/java.util.ArrayList.forEach(ArrayList.java:1596)
at org.testng.TestRunner.privateRun(TestRunner.java:741)
at org.testng.TestRunner.run(TestRunner.java:616)
at org.testng.SuiteRunner.runTest(SuiteRunner.java:421)
at org.testng.SuiteRunner.runSequentially(SuiteRunner.java:413)
at org.testng.SuiteRunner.privateRun(SuiteRunner.java:373)
at org.testng.SuiteRunner.run(SuiteRunner.java:312)
at org.testng.SuiteRunnerWorker.runSuite(SuiteRunnerWorker.java:52)
at org.testng.SuiteRunnerWorker.run(SuiteRunnerWorker.java:95)
at org.testng.TestNG.runSuitesSequentially(TestNG.java:1274)
at org.testng.TestNG.runSuitesLocally(TestNG.java:1208)
at org.testng.TestNG.runSuites(TestNG.java:1112)
at org.testng.TestNG.run(TestNG.java:1079)
at org.testng.remote.AbstractRemoteTestNG.run(AbstractRemoteTestNG.java:115)
at org.testng.remote.RemoteTestNG.initAndRun(RemoteTestNG.java:293)
at org.testng.remote.RemoteTestNG.main(RemoteTestNG.java:91)
]]>
    </failure>
  </testcase> <!-- @BeforeClass setUpClass -->
</testsuite> <!-- Default test -->
