<?xml version="1.0" encoding="UTF-8"?>
<!-- Generated by org.testng.reporters.JUnitReportReporter -->
<testsuite hostname="DESKTOP-0L2DKAB" failures="0" tests="1" name="cucumber.TestNGTestRunner" time="0.586" errors="1" timestamp="2025-07-14T01:38:15 IST" skipped="0">
  <testcase classname="cucumber.TestNGTestRunner" name="setUpClass" time="0.586">
    <error message="Failed to parse resource at: file:///C:/Users/fanof/eclipse-workspace/SeleniumFrameworkDesign/src/test/java/cucumber/SubmitOrder.feature
(7:1): expected: #TagLine, #RuleLine, #Comment, #Empty, got &#039;Given I landed on Ecommerce Page&#039;
(10:3): expected: #TagLine, #RuleLine, #Comment, #Empty, got &#039;Scenario Outline: Positive Test of Submitting the order&#039;
(11:5): expected: #TagLine, #RuleLine, #Comment, #Empty, got &#039;Given Logged in with &lt;username&gt; and &lt;password&gt;&#039;
(12:5): expected: #TagLine, #RuleLine, #Comment, #Empty, got &#039;When I add &lt;productName&gt; from Cart&#039;
(13:5): expected: #TagLine, #RuleLine, #Comment, #Empty, got &#039;AND Checkout &lt;productName&gt; and submit the order&#039;
(14:5): expected: #TagLine, #RuleLine, #Comment, #Empty, got &#039;Then I verify the &lt;orderID&gt; on Confirmation Page&#039;
(16:5): expected: #TagLine, #RuleLine, #Comment, #Empty, got &#039;Examples:&#039;
(17:7): expected: #TagLine, #RuleLine, #Comment, #Empty, got &#039;| name                 |     password  | productName   |&#039;
(18:7): expected: #TagLine, #RuleLine, #Comment, #Empty, got &#039;| abcd1t1t1t@gmail.com |     Jiracode3 | ZARA COAT 3   |&#039;
(21:0): unexpected end of file, expected: #TagLine, #RuleLine, #Comment, #Empty" type="io.cucumber.core.gherkin.FeatureParserException">
      <![CDATA[io.cucumber.core.gherkin.FeatureParserException: Failed to parse resource at: file:///C:/Users/fanof/eclipse-workspace/SeleniumFrameworkDesign/src/test/java/cucumber/SubmitOrder.feature
(7:1): expected: #TagLine, #RuleLine, #Comment, #Empty, got 'Given I landed on Ecommerce Page'
(10:3): expected: #TagLine, #RuleLine, #Comment, #Empty, got 'Scenario Outline: Positive Test of Submitting the order'
(11:5): expected: #TagLine, #RuleLine, #Comment, #Empty, got 'Given Logged in with <username> and <password>'
(12:5): expected: #TagLine, #RuleLine, #Comment, #Empty, got 'When I add <productName> from Cart'
(13:5): expected: #TagLine, #RuleLine, #Comment, #Empty, got 'AND Checkout <productName> and submit the order'
(14:5): expected: #TagLine, #RuleLine, #Comment, #Empty, got 'Then I verify the <orderID> on Confirmation Page'
(16:5): expected: #TagLine, #RuleLine, #Comment, #Empty, got 'Examples:'
(17:7): expected: #TagLine, #RuleLine, #Comment, #Empty, got '| name                 |     password  | productName   |'
(18:7): expected: #TagLine, #RuleLine, #Comment, #Empty, got '| abcd1t1t1t@gmail.com |     Jiracode3 | ZARA COAT 3   |'
(21:0): unexpected end of file, expected: #TagLine, #RuleLine, #Comment, #Empty
at io.cucumber.core.gherkin.messages.GherkinMessagesFeatureParser.parse(GherkinMessagesFeatureParser.java:56)
at io.cucumber.core.feature.FeatureParser.parseResource(FeatureParser.java:46)
at java.base/java.util.function.BiFunction.lambda$andThen$0(BiFunction.java:70)
at io.cucumber.core.resource.ResourceScanner.lambda$processResource$1(ResourceScanner.java:79)
at io.cucumber.core.resource.PathScanner$ResourceFileVisitor.visitFile(PathScanner.java:82)
at io.cucumber.core.resource.PathScanner$ResourceFileVisitor.visitFile(PathScanner.java:67)
at java.base/java.nio.file.Files.walkFileTree(Files.java:2799)
at io.cucumber.core.resource.PathScanner.findResourcesForPath(PathScanner.java:61)
at io.cucumber.core.resource.PathScanner.findResourcesForPath(PathScanner.java:54)
at io.cucumber.core.resource.PathScanner.findResourcesForUri(PathScanner.java:34)
at io.cucumber.core.resource.ResourceScanner.findResourcesForUri(ResourceScanner.java:61)
at io.cucumber.core.resource.ResourceScanner.scanForResourcesUri(ResourceScanner.java:134)
at io.cucumber.core.runtime.FeaturePathFeatureSupplier.loadFeatures(FeaturePathFeatureSupplier.java:62)
at io.cucumber.core.runtime.FeaturePathFeatureSupplier.get(FeaturePathFeatureSupplier.java:45)
at io.cucumber.testng.TestNGCucumberRunner.<init>(TestNGCucumberRunner.java:125)
at io.cucumber.testng.AbstractTestNGCucumberTests.setUpClass(AbstractTestNGCucumberTests.java:27)
at java.base/jdk.internal.reflect.DirectMethodHandleAccessor.invoke(DirectMethodHandleAccessor.java:103)
at java.base/java.lang.reflect.Method.invoke(Method.java:580)
at org.testng.internal.invokers.MethodInvocationHelper.invokeMethod(MethodInvocationHelper.java:141)
at org.testng.internal.invokers.MethodInvocationHelper.invokeMethodConsideringTimeout(MethodInvocationHelper.java:71)
at org.testng.internal.invokers.ConfigInvoker.invokeConfigurationMethod(ConfigInvoker.java:400)
at org.testng.internal.invokers.ConfigInvoker.invokeConfigurations(ConfigInvoker.java:333)
at org.testng.internal.invokers.TestMethodWorker.invokeBeforeClassMethods(TestMethodWorker.java:188)
at org.testng.internal.invokers.TestMethodWorker.run(TestMethodWorker.java:128)
at java.base/java.util.ArrayList.forEach(ArrayList.java:1596)
at org.testng.TestRunner.privateRun(TestRunner.java:741)
at org.testng.TestRunner.run(TestRunner.java:616)
at org.testng.SuiteRunner.runTest(SuiteRunner.java:421)
at org.testng.SuiteRunner.runSequentially(SuiteRunner.java:413)
at org.testng.SuiteRunner.privateRun(SuiteRunner.java:373)
at org.testng.SuiteRunner.run(SuiteRunner.java:312)
at org.testng.SuiteRunnerWorker.runSuite(SuiteRunnerWorker.java:52)
at org.testng.SuiteRunnerWorker.run(SuiteRunnerWorker.java:95)
at org.testng.TestNG.runSuitesSequentially(TestNG.java:1274)
at org.testng.TestNG.runSuitesLocally(TestNG.java:1208)
at org.testng.TestNG.runSuites(TestNG.java:1112)
at org.testng.TestNG.run(TestNG.java:1079)
at org.testng.remote.AbstractRemoteTestNG.run(AbstractRemoteTestNG.java:115)
at org.testng.remote.RemoteTestNG.initAndRun(RemoteTestNG.java:293)
at org.testng.remote.RemoteTestNG.main(RemoteTestNG.java:91)
]]>
    </error>
  </testcase> <!-- setUpClass -->
</testsuite> <!-- cucumber.TestNGTestRunner -->
